<?xml version="1.0" encoding="UTF-8"?>
<coverage generated="1511890010891" clover="3.2.0">
  <project timestamp="1511890010891" name="All files">
    <metrics statements="11" coveredstatements="11" conditionals="10" coveredconditionals="10" methods="3" coveredmethods="3" elements="24" coveredelements="24" complexity="0" loc="11" ncloc="11" packages="1" files="2" classes="2">
      <file name="arithmetic.js" path="/Users/anthonyrobinson/workspace/01-node-ecosystem-1/Anthony-lab/lib/arithmetic.js">
        <metrics statements="7" coveredstatements="7" conditionals="8" coveredconditionals="8" methods="2" coveredmethods="2"/>
        <line num="3" count="1" type="stmt"/>
        <line num="5" count="2" type="cond" truecount="4" falsecount="0"/>
        <line num="6" count="1" type="stmt"/>
        <line num="8" count="1" type="stmt"/>
        <line num="12" count="2" type="cond" truecount="4" falsecount="0"/>
        <line num="13" count="1" type="stmt"/>
        <line num="15" count="1" type="stmt"/>
      </file>
      <file name="greet.js" path="/Users/anthonyrobinson/workspace/01-node-ecosystem-1/Anthony-lab/lib/greet.js">
        <metrics statements="4" coveredstatements="4" conditionals="2" coveredconditionals="2" methods="1" coveredmethods="1"/>
        <line num="3" count="1" type="stmt"/>
        <line num="4" count="4" type="cond" truecount="2" falsecount="0"/>
        <line num="5" count="2" type="stmt"/>
        <line num="7" count="2" type="stmt"/>
      </file>
    </metrics>
  </project>
</coverage>
