TN:
SF:/Users/anthonyrobinson/workspace/01-node-ecosystem-1/Anthony-lab/lib/arithmetic.js
FN:4,(anonymous_0)
FN:11,(anonymous_1)
FNF:2
FNH:2
FNDA:2,(anonymous_0)
FNDA:2,(anonymous_1)
DA:3,1
DA:5,2
DA:6,1
DA:8,1
DA:12,2
DA:13,1
DA:15,1
LF:7
LH:7
BRDA:5,0,0,1
BRDA:5,0,1,1
BRDA:5,1,0,2
BRDA:5,1,1,1
BRDA:12,2,0,1
BRDA:12,2,1,1
BRDA:12,3,0,2
BRDA:12,3,1,1
BRF:8
BRH:8
end_of_record
TN:
SF:/Users/anthonyrobinson/workspace/01-node-ecosystem-1/Anthony-lab/lib/greet.js
FN:3,(anonymous_0)
FNF:1
FNH:1
FNDA:4,(anonymous_0)
DA:3,1
DA:4,4
DA:5,2
DA:7,2
LF:4
LH:4
BRDA:4,0,0,2
BRDA:4,0,1,2
BRF:2
BRH:2
end_of_record
